<?xml version="1.0" encoding="UTF-8"?>
<testsuite xmlns:xsi="http://www.w3.org/2001/XMLSchema-instance" xsi:noNamespaceSchemaLocation="https://maven.apache.org/surefire/maven-surefire-plugin/xsd/surefire-test-report-3.0.xsd" version="3.0" name="com.example.biddingmanagementsystem.BiddingManagementSystemApplicationTests" time="0.361" tests="1" errors="1" skipped="0" failures="0">
  <properties>
    <property name="java.specification.version" value="17"/>
    <property name="sun.cpu.isalist" value="amd64"/>
    <property name="sun.jnu.encoding" value="GBK"/>
    <property name="java.class.path" value="E:\work\java\BiddingManagementSystem\target\test-classes;E:\work\java\BiddingManagementSystem\target\classes;D:\jiata\recourse\apache-maven-3.9.1\mvn_resp\org\springframework\boot\spring-boot-starter-web\3.1.4\spring-boot-starter-web-3.1.4.jar;D:\jiata\recourse\apache-maven-3.9.1\mvn_resp\org\springframework\boot\spring-boot-starter\3.1.4\spring-boot-starter-3.1.4.jar;D:\jiata\recourse\apache-maven-3.9.1\mvn_resp\org\springframework\boot\spring-boot\3.1.4\spring-boot-3.1.4.jar;D:\jiata\recourse\apache-maven-3.9.1\mvn_resp\org\springframework\boot\spring-boot-autoconfigure\3.1.4\spring-boot-autoconfigure-3.1.4.jar;D:\jiata\recourse\apache-maven-3.9.1\mvn_resp\org\springframework\boot\spring-boot-starter-logging\3.1.4\spring-boot-starter-logging-3.1.4.jar;D:\jiata\recourse\apache-maven-3.9.1\mvn_resp\ch\qos\logback\logback-classic\1.4.11\logback-classic-1.4.11.jar;D:\jiata\recourse\apache-maven-3.9.1\mvn_resp\ch\qos\logback\logback-core\1.4.11\logback-core-1.4.11.jar;D:\jiata\recourse\apache-maven-3.9.1\mvn_resp\org\apache\logging\log4j\log4j-to-slf4j\2.20.0\log4j-to-slf4j-2.20.0.jar;D:\jiata\recourse\apache-maven-3.9.1\mvn_resp\org\apache\logging\log4j\log4j-api\2.20.0\log4j-api-2.20.0.jar;D:\jiata\recourse\apache-maven-3.9.1\mvn_resp\org\slf4j\jul-to-slf4j\2.0.9\jul-to-slf4j-2.0.9.jar;D:\jiata\recourse\apache-maven-3.9.1\mvn_resp\jakarta\annotation\jakarta.annotation-api\2.1.1\jakarta.annotation-api-2.1.1.jar;D:\jiata\recourse\apache-maven-3.9.1\mvn_resp\org\yaml\snakeyaml\1.33\snakeyaml-1.33.jar;D:\jiata\recourse\apache-maven-3.9.1\mvn_resp\org\springframework\boot\spring-boot-starter-json\3.1.4\spring-boot-starter-json-3.1.4.jar;D:\jiata\recourse\apache-maven-3.9.1\mvn_resp\com\fasterxml\jackson\core\jackson-databind\2.15.2\jackson-databind-2.15.2.jar;D:\jiata\recourse\apache-maven-3.9.1\mvn_resp\com\fasterxml\jackson\core\jackson-annotations\2.15.2\jackson-annotations-2.15.2.jar;D:\jiata\recourse\apache-maven-3.9.1\mvn_resp\com\fasterxml\jackson\core\jackson-core\2.15.2\jackson-core-2.15.2.jar;D:\jiata\recourse\apache-maven-3.9.1\mvn_resp\com\fasterxml\jackson\datatype\jackson-datatype-jdk8\2.15.2\jackson-datatype-jdk8-2.15.2.jar;D:\jiata\recourse\apache-maven-3.9.1\mvn_resp\com\fasterxml\jackson\datatype\jackson-datatype-jsr310\2.15.2\jackson-datatype-jsr310-2.15.2.jar;D:\jiata\recourse\apache-maven-3.9.1\mvn_resp\com\fasterxml\jackson\module\jackson-module-parameter-names\2.15.2\jackson-module-parameter-names-2.15.2.jar;D:\jiata\recourse\apache-maven-3.9.1\mvn_resp\org\springframework\boot\spring-boot-starter-tomcat\3.1.4\spring-boot-starter-tomcat-3.1.4.jar;D:\jiata\recourse\apache-maven-3.9.1\mvn_resp\org\apache\tomcat\embed\tomcat-embed-core\10.1.13\tomcat-embed-core-10.1.13.jar;D:\jiata\recourse\apache-maven-3.9.1\mvn_resp\org\apache\tomcat\embed\tomcat-embed-el\10.1.13\tomcat-embed-el-10.1.13.jar;D:\jiata\recourse\apache-maven-3.9.1\mvn_resp\org\apache\tomcat\embed\tomcat-embed-websocket\10.1.13\tomcat-embed-websocket-10.1.13.jar;D:\jiata\recourse\apache-maven-3.9.1\mvn_resp\org\springframework\spring-web\6.0.12\spring-web-6.0.12.jar;D:\jiata\recourse\apache-maven-3.9.1\mvn_resp\org\springframework\spring-beans\6.0.12\spring-beans-6.0.12.jar;D:\jiata\recourse\apache-maven-3.9.1\mvn_resp\io\micrometer\micrometer-observation\1.11.4\micrometer-observation-1.11.4.jar;D:\jiata\recourse\apache-maven-3.9.1\mvn_resp\io\micrometer\micrometer-commons\1.11.4\micrometer-commons-1.11.4.jar;D:\jiata\recourse\apache-maven-3.9.1\mvn_resp\org\springframework\spring-webmvc\6.0.12\spring-webmvc-6.0.12.jar;D:\jiata\recourse\apache-maven-3.9.1\mvn_resp\org\springframework\spring-aop\6.0.12\spring-aop-6.0.12.jar;D:\jiata\recourse\apache-maven-3.9.1\mvn_resp\org\springframework\spring-context\6.0.12\spring-context-6.0.12.jar;D:\jiata\recourse\apache-maven-3.9.1\mvn_resp\org\springframework\spring-expression\6.0.12\spring-expression-6.0.12.jar;D:\jiata\recourse\apache-maven-3.9.1\mvn_resp\org\mybatis\spring\boot\mybatis-spring-boot-starter\3.0.2\mybatis-spring-boot-starter-3.0.2.jar;D:\jiata\recourse\apache-maven-3.9.1\mvn_resp\org\springframework\boot\spring-boot-starter-jdbc\3.1.4\spring-boot-starter-jdbc-3.1.4.jar;D:\jiata\recourse\apache-maven-3.9.1\mvn_resp\com\zaxxer\HikariCP\5.0.1\HikariCP-5.0.1.jar;D:\jiata\recourse\apache-maven-3.9.1\mvn_resp\org\springframework\spring-jdbc\6.0.12\spring-jdbc-6.0.12.jar;D:\jiata\recourse\apache-maven-3.9.1\mvn_resp\org\mybatis\spring\boot\mybatis-spring-boot-autoconfigure\3.0.2\mybatis-spring-boot-autoconfigure-3.0.2.jar;D:\jiata\recourse\apache-maven-3.9.1\mvn_resp\org\mybatis\mybatis\3.5.13\mybatis-3.5.13.jar;D:\jiata\recourse\apache-maven-3.9.1\mvn_resp\org\mybatis\mybatis-spring\3.0.2\mybatis-spring-3.0.2.jar;D:\jiata\recourse\apache-maven-3.9.1\mvn_resp\com\mysql\mysql-connector-j\8.0.33\mysql-connector-j-8.0.33.jar;D:\jiata\recourse\apache-maven-3.9.1\mvn_resp\org\springframework\boot\spring-boot-starter-test\3.1.4\spring-boot-starter-test-3.1.4.jar;D:\jiata\recourse\apache-maven-3.9.1\mvn_resp\org\springframework\boot\spring-boot-test\3.1.4\spring-boot-test-3.1.4.jar;D:\jiata\recourse\apache-maven-3.9.1\mvn_resp\org\springframework\boot\spring-boot-test-autoconfigure\3.1.4\spring-boot-test-autoconfigure-3.1.4.jar;D:\jiata\recourse\apache-maven-3.9.1\mvn_resp\com\jayway\jsonpath\json-path\2.8.0\json-path-2.8.0.jar;D:\jiata\recourse\apache-maven-3.9.1\mvn_resp\org\slf4j\slf4j-api\2.0.9\slf4j-api-2.0.9.jar;D:\jiata\recourse\apache-maven-3.9.1\mvn_resp\jakarta\xml\bind\jakarta.xml.bind-api\4.0.1\jakarta.xml.bind-api-4.0.1.jar;D:\jiata\recourse\apache-maven-3.9.1\mvn_resp\jakarta\activation\jakarta.activation-api\2.1.2\jakarta.activation-api-2.1.2.jar;D:\jiata\recourse\apache-maven-3.9.1\mvn_resp\net\minidev\json-smart\2.4.11\json-smart-2.4.11.jar;D:\jiata\recourse\apache-maven-3.9.1\mvn_resp\net\minidev\accessors-smart\2.4.11\accessors-smart-2.4.11.jar;D:\jiata\recourse\apache-maven-3.9.1\mvn_resp\org\ow2\asm\asm\9.3\asm-9.3.jar;D:\jiata\recourse\apache-maven-3.9.1\mvn_resp\org\assertj\assertj-core\3.24.2\assertj-core-3.24.2.jar;D:\jiata\recourse\apache-maven-3.9.1\mvn_resp\net\bytebuddy\byte-buddy\1.14.8\byte-buddy-1.14.8.jar;D:\jiata\recourse\apache-maven-3.9.1\mvn_resp\org\hamcrest\hamcrest\2.2\hamcrest-2.2.jar;D:\jiata\recourse\apache-maven-3.9.1\mvn_resp\org\junit\jupiter\junit-jupiter\5.9.3\junit-jupiter-5.9.3.jar;D:\jiata\recourse\apache-maven-3.9.1\mvn_resp\org\junit\jupiter\junit-jupiter-api\5.9.3\junit-jupiter-api-5.9.3.jar;D:\jiata\recourse\apache-maven-3.9.1\mvn_resp\org\opentest4j\opentest4j\1.2.0\opentest4j-1.2.0.jar;D:\jiata\recourse\apache-maven-3.9.1\mvn_resp\org\junit\platform\junit-platform-commons\1.9.3\junit-platform-commons-1.9.3.jar;D:\jiata\recourse\apache-maven-3.9.1\mvn_resp\org\apiguardian\apiguardian-api\1.1.2\apiguardian-api-1.1.2.jar;D:\jiata\recourse\apache-maven-3.9.1\mvn_resp\org\junit\jupiter\junit-jupiter-params\5.9.3\junit-jupiter-params-5.9.3.jar;D:\jiata\recourse\apache-maven-3.9.1\mvn_resp\org\junit\jupiter\junit-jupiter-engine\5.9.3\junit-jupiter-engine-5.9.3.jar;D:\jiata\recourse\apache-maven-3.9.1\mvn_resp\org\junit\platform\junit-platform-engine\1.9.3\junit-platform-engine-1.9.3.jar;D:\jiata\recourse\apache-maven-3.9.1\mvn_resp\org\mockito\mockito-core\5.3.1\mockito-core-5.3.1.jar;D:\jiata\recourse\apache-maven-3.9.1\mvn_resp\net\bytebuddy\byte-buddy-agent\1.14.8\byte-buddy-agent-1.14.8.jar;D:\jiata\recourse\apache-maven-3.9.1\mvn_resp\org\objenesis\objenesis\3.3\objenesis-3.3.jar;D:\jiata\recourse\apache-maven-3.9.1\mvn_resp\org\mockito\mockito-junit-jupiter\5.3.1\mockito-junit-jupiter-5.3.1.jar;D:\jiata\recourse\apache-maven-3.9.1\mvn_resp\org\skyscreamer\jsonassert\1.5.1\jsonassert-1.5.1.jar;D:\jiata\recourse\apache-maven-3.9.1\mvn_resp\com\vaadin\external\google\android-json\0.0.20131108.vaadin1\android-json-0.0.20131108.vaadin1.jar;D:\jiata\recourse\apache-maven-3.9.1\mvn_resp\org\springframework\spring-core\6.0.12\spring-core-6.0.12.jar;D:\jiata\recourse\apache-maven-3.9.1\mvn_resp\org\springframework\spring-jcl\6.0.12\spring-jcl-6.0.12.jar;D:\jiata\recourse\apache-maven-3.9.1\mvn_resp\org\springframework\spring-test\6.0.12\spring-test-6.0.12.jar;D:\jiata\recourse\apache-maven-3.9.1\mvn_resp\org\xmlunit\xmlunit-core\2.9.1\xmlunit-core-2.9.1.jar;D:\jiata\recourse\apache-maven-3.9.1\mvn_resp\org\mybatis\spring\boot\mybatis-spring-boot-starter-test\3.0.2\mybatis-spring-boot-starter-test-3.0.2.jar;D:\jiata\recourse\apache-maven-3.9.1\mvn_resp\org\mybatis\spring\boot\mybatis-spring-boot-test-autoconfigure\3.0.2\mybatis-spring-boot-test-autoconfigure-3.0.2.jar;D:\jiata\recourse\apache-maven-3.9.1\mvn_resp\org\springframework\spring-tx\6.0.12\spring-tx-6.0.12.jar;D:\jiata\recourse\apache-maven-3.9.1\mvn_resp\com\baomidou\mybatis-plus\3.4.3\mybatis-plus-3.4.3.jar;D:\jiata\recourse\apache-maven-3.9.1\mvn_resp\com\baomidou\mybatis-plus-extension\3.4.3\mybatis-plus-extension-3.4.3.jar;D:\jiata\recourse\apache-maven-3.9.1\mvn_resp\com\baomidou\mybatis-plus-core\3.4.3\mybatis-plus-core-3.4.3.jar;D:\jiata\recourse\apache-maven-3.9.1\mvn_resp\com\baomidou\mybatis-plus-annotation\3.4.3\mybatis-plus-annotation-3.4.3.jar;D:\jiata\recourse\apache-maven-3.9.1\mvn_resp\com\github\jsqlparser\jsqlparser\4.0\jsqlparser-4.0.jar;"/>
    <property name="java.vm.vendor" value="Amazon.com Inc."/>
    <property name="sun.arch.data.model" value="64"/>
    <property name="user.variant" value=""/>
    <property name="java.vendor.url" value="https://aws.amazon.com/corretto/"/>
    <property name="user.timezone" value="Asia/Shanghai"/>
    <property name="os.name" value="Windows 10"/>
    <property name="java.vm.specification.version" value="17"/>
    <property name="sun.java.launcher" value="SUN_STANDARD"/>
    <property name="user.country" value="CN"/>
    <property name="sun.boot.library.path" value="C:\Users\Jiata\.jdks\corretto-17.0.8.1\bin"/>
    <property name="sun.java.command" value="C:\Users\Jiata\AppData\Local\Temp\surefire13542259768274798684\surefirebooter-20231012012945401_3.jar C:\Users\Jiata\AppData\Local\Temp\surefire13542259768274798684 2023-10-12T01-29-38_017-jvmRun1 surefire-20231012012945401_1tmp surefire_0-20231012012945401_2tmp"/>
    <property name="jdk.debug" value="release"/>
    <property name="surefire.test.class.path" value="E:\work\java\BiddingManagementSystem\target\test-classes;E:\work\java\BiddingManagementSystem\target\classes;D:\jiata\recourse\apache-maven-3.9.1\mvn_resp\org\springframework\boot\spring-boot-starter-web\3.1.4\spring-boot-starter-web-3.1.4.jar;D:\jiata\recourse\apache-maven-3.9.1\mvn_resp\org\springframework\boot\spring-boot-starter\3.1.4\spring-boot-starter-3.1.4.jar;D:\jiata\recourse\apache-maven-3.9.1\mvn_resp\org\springframework\boot\spring-boot\3.1.4\spring-boot-3.1.4.jar;D:\jiata\recourse\apache-maven-3.9.1\mvn_resp\org\springframework\boot\spring-boot-autoconfigure\3.1.4\spring-boot-autoconfigure-3.1.4.jar;D:\jiata\recourse\apache-maven-3.9.1\mvn_resp\org\springframework\boot\spring-boot-starter-logging\3.1.4\spring-boot-starter-logging-3.1.4.jar;D:\jiata\recourse\apache-maven-3.9.1\mvn_resp\ch\qos\logback\logback-classic\1.4.11\logback-classic-1.4.11.jar;D:\jiata\recourse\apache-maven-3.9.1\mvn_resp\ch\qos\logback\logback-core\1.4.11\logback-core-1.4.11.jar;D:\jiata\recourse\apache-maven-3.9.1\mvn_resp\org\apache\logging\log4j\log4j-to-slf4j\2.20.0\log4j-to-slf4j-2.20.0.jar;D:\jiata\recourse\apache-maven-3.9.1\mvn_resp\org\apache\logging\log4j\log4j-api\2.20.0\log4j-api-2.20.0.jar;D:\jiata\recourse\apache-maven-3.9.1\mvn_resp\org\slf4j\jul-to-slf4j\2.0.9\jul-to-slf4j-2.0.9.jar;D:\jiata\recourse\apache-maven-3.9.1\mvn_resp\jakarta\annotation\jakarta.annotation-api\2.1.1\jakarta.annotation-api-2.1.1.jar;D:\jiata\recourse\apache-maven-3.9.1\mvn_resp\org\yaml\snakeyaml\1.33\snakeyaml-1.33.jar;D:\jiata\recourse\apache-maven-3.9.1\mvn_resp\org\springframework\boot\spring-boot-starter-json\3.1.4\spring-boot-starter-json-3.1.4.jar;D:\jiata\recourse\apache-maven-3.9.1\mvn_resp\com\fasterxml\jackson\core\jackson-databind\2.15.2\jackson-databind-2.15.2.jar;D:\jiata\recourse\apache-maven-3.9.1\mvn_resp\com\fasterxml\jackson\core\jackson-annotations\2.15.2\jackson-annotations-2.15.2.jar;D:\jiata\recourse\apache-maven-3.9.1\mvn_resp\com\fasterxml\jackson\core\jackson-core\2.15.2\jackson-core-2.15.2.jar;D:\jiata\recourse\apache-maven-3.9.1\mvn_resp\com\fasterxml\jackson\datatype\jackson-datatype-jdk8\2.15.2\jackson-datatype-jdk8-2.15.2.jar;D:\jiata\recourse\apache-maven-3.9.1\mvn_resp\com\fasterxml\jackson\datatype\jackson-datatype-jsr310\2.15.2\jackson-datatype-jsr310-2.15.2.jar;D:\jiata\recourse\apache-maven-3.9.1\mvn_resp\com\fasterxml\jackson\module\jackson-module-parameter-names\2.15.2\jackson-module-parameter-names-2.15.2.jar;D:\jiata\recourse\apache-maven-3.9.1\mvn_resp\org\springframework\boot\spring-boot-starter-tomcat\3.1.4\spring-boot-starter-tomcat-3.1.4.jar;D:\jiata\recourse\apache-maven-3.9.1\mvn_resp\org\apache\tomcat\embed\tomcat-embed-core\10.1.13\tomcat-embed-core-10.1.13.jar;D:\jiata\recourse\apache-maven-3.9.1\mvn_resp\org\apache\tomcat\embed\tomcat-embed-el\10.1.13\tomcat-embed-el-10.1.13.jar;D:\jiata\recourse\apache-maven-3.9.1\mvn_resp\org\apache\tomcat\embed\tomcat-embed-websocket\10.1.13\tomcat-embed-websocket-10.1.13.jar;D:\jiata\recourse\apache-maven-3.9.1\mvn_resp\org\springframework\spring-web\6.0.12\spring-web-6.0.12.jar;D:\jiata\recourse\apache-maven-3.9.1\mvn_resp\org\springframework\spring-beans\6.0.12\spring-beans-6.0.12.jar;D:\jiata\recourse\apache-maven-3.9.1\mvn_resp\io\micrometer\micrometer-observation\1.11.4\micrometer-observation-1.11.4.jar;D:\jiata\recourse\apache-maven-3.9.1\mvn_resp\io\micrometer\micrometer-commons\1.11.4\micrometer-commons-1.11.4.jar;D:\jiata\recourse\apache-maven-3.9.1\mvn_resp\org\springframework\spring-webmvc\6.0.12\spring-webmvc-6.0.12.jar;D:\jiata\recourse\apache-maven-3.9.1\mvn_resp\org\springframework\spring-aop\6.0.12\spring-aop-6.0.12.jar;D:\jiata\recourse\apache-maven-3.9.1\mvn_resp\org\springframework\spring-context\6.0.12\spring-context-6.0.12.jar;D:\jiata\recourse\apache-maven-3.9.1\mvn_resp\org\springframework\spring-expression\6.0.12\spring-expression-6.0.12.jar;D:\jiata\recourse\apache-maven-3.9.1\mvn_resp\org\mybatis\spring\boot\mybatis-spring-boot-starter\3.0.2\mybatis-spring-boot-starter-3.0.2.jar;D:\jiata\recourse\apache-maven-3.9.1\mvn_resp\org\springframework\boot\spring-boot-starter-jdbc\3.1.4\spring-boot-starter-jdbc-3.1.4.jar;D:\jiata\recourse\apache-maven-3.9.1\mvn_resp\com\zaxxer\HikariCP\5.0.1\HikariCP-5.0.1.jar;D:\jiata\recourse\apache-maven-3.9.1\mvn_resp\org\springframework\spring-jdbc\6.0.12\spring-jdbc-6.0.12.jar;D:\jiata\recourse\apache-maven-3.9.1\mvn_resp\org\mybatis\spring\boot\mybatis-spring-boot-autoconfigure\3.0.2\mybatis-spring-boot-autoconfigure-3.0.2.jar;D:\jiata\recourse\apache-maven-3.9.1\mvn_resp\org\mybatis\mybatis\3.5.13\mybatis-3.5.13.jar;D:\jiata\recourse\apache-maven-3.9.1\mvn_resp\org\mybatis\mybatis-spring\3.0.2\mybatis-spring-3.0.2.jar;D:\jiata\recourse\apache-maven-3.9.1\mvn_resp\com\mysql\mysql-connector-j\8.0.33\mysql-connector-j-8.0.33.jar;D:\jiata\recourse\apache-maven-3.9.1\mvn_resp\org\springframework\boot\spring-boot-starter-test\3.1.4\spring-boot-starter-test-3.1.4.jar;D:\jiata\recourse\apache-maven-3.9.1\mvn_resp\org\springframework\boot\spring-boot-test\3.1.4\spring-boot-test-3.1.4.jar;D:\jiata\recourse\apache-maven-3.9.1\mvn_resp\org\springframework\boot\spring-boot-test-autoconfigure\3.1.4\spring-boot-test-autoconfigure-3.1.4.jar;D:\jiata\recourse\apache-maven-3.9.1\mvn_resp\com\jayway\jsonpath\json-path\2.8.0\json-path-2.8.0.jar;D:\jiata\recourse\apache-maven-3.9.1\mvn_resp\org\slf4j\slf4j-api\2.0.9\slf4j-api-2.0.9.jar;D:\jiata\recourse\apache-maven-3.9.1\mvn_resp\jakarta\xml\bind\jakarta.xml.bind-api\4.0.1\jakarta.xml.bind-api-4.0.1.jar;D:\jiata\recourse\apache-maven-3.9.1\mvn_resp\jakarta\activation\jakarta.activation-api\2.1.2\jakarta.activation-api-2.1.2.jar;D:\jiata\recourse\apache-maven-3.9.1\mvn_resp\net\minidev\json-smart\2.4.11\json-smart-2.4.11.jar;D:\jiata\recourse\apache-maven-3.9.1\mvn_resp\net\minidev\accessors-smart\2.4.11\accessors-smart-2.4.11.jar;D:\jiata\recourse\apache-maven-3.9.1\mvn_resp\org\ow2\asm\asm\9.3\asm-9.3.jar;D:\jiata\recourse\apache-maven-3.9.1\mvn_resp\org\assertj\assertj-core\3.24.2\assertj-core-3.24.2.jar;D:\jiata\recourse\apache-maven-3.9.1\mvn_resp\net\bytebuddy\byte-buddy\1.14.8\byte-buddy-1.14.8.jar;D:\jiata\recourse\apache-maven-3.9.1\mvn_resp\org\hamcrest\hamcrest\2.2\hamcrest-2.2.jar;D:\jiata\recourse\apache-maven-3.9.1\mvn_resp\org\junit\jupiter\junit-jupiter\5.9.3\junit-jupiter-5.9.3.jar;D:\jiata\recourse\apache-maven-3.9.1\mvn_resp\org\junit\jupiter\junit-jupiter-api\5.9.3\junit-jupiter-api-5.9.3.jar;D:\jiata\recourse\apache-maven-3.9.1\mvn_resp\org\opentest4j\opentest4j\1.2.0\opentest4j-1.2.0.jar;D:\jiata\recourse\apache-maven-3.9.1\mvn_resp\org\junit\platform\junit-platform-commons\1.9.3\junit-platform-commons-1.9.3.jar;D:\jiata\recourse\apache-maven-3.9.1\mvn_resp\org\apiguardian\apiguardian-api\1.1.2\apiguardian-api-1.1.2.jar;D:\jiata\recourse\apache-maven-3.9.1\mvn_resp\org\junit\jupiter\junit-jupiter-params\5.9.3\junit-jupiter-params-5.9.3.jar;D:\jiata\recourse\apache-maven-3.9.1\mvn_resp\org\junit\jupiter\junit-jupiter-engine\5.9.3\junit-jupiter-engine-5.9.3.jar;D:\jiata\recourse\apache-maven-3.9.1\mvn_resp\org\junit\platform\junit-platform-engine\1.9.3\junit-platform-engine-1.9.3.jar;D:\jiata\recourse\apache-maven-3.9.1\mvn_resp\org\mockito\mockito-core\5.3.1\mockito-core-5.3.1.jar;D:\jiata\recourse\apache-maven-3.9.1\mvn_resp\net\bytebuddy\byte-buddy-agent\1.14.8\byte-buddy-agent-1.14.8.jar;D:\jiata\recourse\apache-maven-3.9.1\mvn_resp\org\objenesis\objenesis\3.3\objenesis-3.3.jar;D:\jiata\recourse\apache-maven-3.9.1\mvn_resp\org\mockito\mockito-junit-jupiter\5.3.1\mockito-junit-jupiter-5.3.1.jar;D:\jiata\recourse\apache-maven-3.9.1\mvn_resp\org\skyscreamer\jsonassert\1.5.1\jsonassert-1.5.1.jar;D:\jiata\recourse\apache-maven-3.9.1\mvn_resp\com\vaadin\external\google\android-json\0.0.20131108.vaadin1\android-json-0.0.20131108.vaadin1.jar;D:\jiata\recourse\apache-maven-3.9.1\mvn_resp\org\springframework\spring-core\6.0.12\spring-core-6.0.12.jar;D:\jiata\recourse\apache-maven-3.9.1\mvn_resp\org\springframework\spring-jcl\6.0.12\spring-jcl-6.0.12.jar;D:\jiata\recourse\apache-maven-3.9.1\mvn_resp\org\springframework\spring-test\6.0.12\spring-test-6.0.12.jar;D:\jiata\recourse\apache-maven-3.9.1\mvn_resp\org\xmlunit\xmlunit-core\2.9.1\xmlunit-core-2.9.1.jar;D:\jiata\recourse\apache-maven-3.9.1\mvn_resp\org\mybatis\spring\boot\mybatis-spring-boot-starter-test\3.0.2\mybatis-spring-boot-starter-test-3.0.2.jar;D:\jiata\recourse\apache-maven-3.9.1\mvn_resp\org\mybatis\spring\boot\mybatis-spring-boot-test-autoconfigure\3.0.2\mybatis-spring-boot-test-autoconfigure-3.0.2.jar;D:\jiata\recourse\apache-maven-3.9.1\mvn_resp\org\springframework\spring-tx\6.0.12\spring-tx-6.0.12.jar;D:\jiata\recourse\apache-maven-3.9.1\mvn_resp\com\baomidou\mybatis-plus\3.4.3\mybatis-plus-3.4.3.jar;D:\jiata\recourse\apache-maven-3.9.1\mvn_resp\com\baomidou\mybatis-plus-extension\3.4.3\mybatis-plus-extension-3.4.3.jar;D:\jiata\recourse\apache-maven-3.9.1\mvn_resp\com\baomidou\mybatis-plus-core\3.4.3\mybatis-plus-core-3.4.3.jar;D:\jiata\recourse\apache-maven-3.9.1\mvn_resp\com\baomidou\mybatis-plus-annotation\3.4.3\mybatis-plus-annotation-3.4.3.jar;D:\jiata\recourse\apache-maven-3.9.1\mvn_resp\com\github\jsqlparser\jsqlparser\4.0\jsqlparser-4.0.jar;"/>
    <property name="sun.cpu.endian" value="little"/>
    <property name="user.home" value="C:\Users\Jiata"/>
    <property name="user.language" value="zh"/>
    <property name="java.specification.vendor" value="Oracle Corporation"/>
    <property name="java.version.date" value="2023-08-22"/>
    <property name="java.home" value="C:\Users\Jiata\.jdks\corretto-17.0.8.1"/>
    <property name="file.separator" value="\"/>
    <property name="basedir" value="E:\work\java\BiddingManagementSystem"/>
    <property name="java.vm.compressedOopsMode" value="Zero based"/>
    <property name="line.separator" value="&#10;"/>
    <property name="java.vm.specification.vendor" value="Oracle Corporation"/>
    <property name="java.specification.name" value="Java Platform API Specification"/>
    <property name="surefire.real.class.path" value="C:\Users\Jiata\AppData\Local\Temp\surefire13542259768274798684\surefirebooter-20231012012945401_3.jar"/>
    <property name="user.script" value=""/>
    <property name="sun.management.compiler" value="HotSpot 64-Bit Tiered Compilers"/>
    <property name="java.runtime.version" value="17.0.8.1+8-LTS"/>
    <property name="user.name" value="Jiata"/>
    <property name="path.separator" value=";"/>
    <property name="os.version" value="10.0"/>
    <property name="java.runtime.name" value="OpenJDK Runtime Environment"/>
    <property name="file.encoding" value="GBK"/>
    <property name="java.vm.name" value="OpenJDK 64-Bit Server VM"/>
    <property name="java.vendor.version" value="Corretto-17.0.8.8.1"/>
    <property name="localRepository" value="D:\jiata\recourse\apache-maven-3.9.1\mvn_resp"/>
    <property name="java.vendor.url.bug" value="https://github.com/corretto/corretto-17/issues/"/>
    <property name="java.io.tmpdir" value="C:\Users\Jiata\AppData\Local\Temp\"/>
    <property name="idea.version" value="2023.1.4"/>
    <property name="java.version" value="17.0.8.1"/>
    <property name="user.dir" value="E:\work\java\BiddingManagementSystem"/>
    <property name="os.arch" value="amd64"/>
    <property name="java.vm.specification.name" value="Java Virtual Machine Specification"/>
    <property name="sun.os.patch.level" value=""/>
    <property name="native.encoding" value="GBK"/>
    <property name="java.library.path" value="C:\Users\Jiata\.jdks\corretto-17.0.8.1\bin;C:\Windows\Sun\Java\bin;C:\Windows\system32;C:\Windows;C:\Program Files\Common Files\Oracle\Java\javapath;D:\Program Files\VMware\VMware Workstation\bin\;D:\jiata\recourse\oracle\bin;D:\Program Files\Java\jdk-1.8\jre\bin;D:\Program Files\Java\jdk-1.8\bin;C:\Program Files\MySQL\MySQL Server 8.0\bin;C:\Windows\system32;C:\Windows;C:\Windows\System32\Wbem;C:\Windows\System32\WindowsPowerShell\v1.0\;C:\Windows\System32\OpenSSH\;D:\Program Files\Bandizip\;D:\Program Files\Git\cmd;C:\Program Files\NVIDIA Corporation\NVIDIA NvDLISR;C:\Program Files (x86)\NVIDIA Corporation\PhysX\Common;C:\Windows\system32\config\systemprofile\AppData\Local\Microsoft\WindowsApps;C:\Users\Jiata\AppData\Local\Microsoft\WindowsApps;D:\Program Files\Microsoft VS Code\bin;."/>
    <property name="java.vm.info" value="mixed mode, sharing"/>
    <property name="java.vendor" value="Amazon.com Inc."/>
    <property name="java.vm.version" value="17.0.8.1+8-LTS"/>
    <property name="sun.io.unicode.encoding" value="UnicodeLittle"/>
    <property name="maven.repo.local" value="D:\jiata\recourse\apache-maven-3.9.1\mvn_resp"/>
    <property name="java.class.version" value="61.0"/>
  </properties>
  <testcase name="" classname="com.example.biddingmanagementsystem.BiddingManagementSystemApplicationTests" time="0.361">
    <error message="Unable to find a @SpringBootConfiguration, you need to use @ContextConfiguration or @SpringBootTest(classes=...) with your test" type="java.lang.IllegalStateException"><![CDATA[java.lang.IllegalStateException: Unable to find a @SpringBootConfiguration, you need to use @ContextConfiguration or @SpringBootTest(classes=...) with your test
	at org.springframework.util.Assert.state(Assert.java:76)
	at org.springframework.boot.test.context.SpringBootTestContextBootstrapper.findConfigurationClass(SpringBootTestContextBootstrapper.java:260)
	at org.springframework.boot.test.context.SpringBootTestContextBootstrapper.getOrFindConfigurationClasses(SpringBootTestContextBootstrapper.java:247)
	at org.springframework.boot.test.context.SpringBootTestContextBootstrapper.processMergedContextConfiguration(SpringBootTestContextBootstrapper.java:164)
	at org.springframework.test.context.support.AbstractTestContextBootstrapper.buildMergedContextConfiguration(AbstractTestContextBootstrapper.java:375)
	at org.springframework.test.context.support.AbstractTestContextBootstrapper.buildDefaultMergedContextConfiguration(AbstractTestContextBootstrapper.java:291)
	at org.springframework.test.context.support.AbstractTestContextBootstrapper.buildMergedContextConfiguration(AbstractTestContextBootstrapper.java:239)
	at org.springframework.test.context.support.AbstractTestContextBootstrapper.buildTestContext(AbstractTestContextBootstrapper.java:107)
	at org.springframework.boot.test.context.SpringBootTestContextBootstrapper.buildTestContext(SpringBootTestContextBootstrapper.java:113)
	at org.springframework.test.context.TestContextManager.<init>(TestContextManager.java:129)
	at org.springframework.test.context.TestContextManager.<init>(TestContextManager.java:113)
	at org.junit.jupiter.engine.execution.ExtensionValuesStore.lambda$getOrComputeIfAbsent$4(ExtensionValuesStore.java:86)
	at org.junit.jupiter.engine.execution.ExtensionValuesStore$MemoizingSupplier.computeValue(ExtensionValuesStore.java:223)
	at org.junit.jupiter.engine.execution.ExtensionValuesStore$MemoizingSupplier.get(ExtensionValuesStore.java:211)
	at org.junit.jupiter.engine.execution.ExtensionValuesStore$StoredValue.evaluate(ExtensionValuesStore.java:191)
	at org.junit.jupiter.engine.execution.ExtensionValuesStore$StoredValue.access$100(ExtensionValuesStore.java:171)
	at org.junit.jupiter.engine.execution.ExtensionValuesStore.getOrComputeIfAbsent(ExtensionValuesStore.java:89)
	at org.junit.jupiter.engine.execution.ExtensionValuesStore.getOrComputeIfAbsent(ExtensionValuesStore.java:93)
	at org.junit.jupiter.engine.execution.NamespaceAwareStore.getOrComputeIfAbsent(NamespaceAwareStore.java:61)
	at org.springframework.test.context.junit.jupiter.SpringExtension.getTestContextManager(SpringExtension.java:294)
	at org.springframework.test.context.junit.jupiter.SpringExtension.beforeAll(SpringExtension.java:113)
	at org.junit.jupiter.engine.descriptor.ClassBasedTestDescriptor.lambda$invokeBeforeAllCallbacks$12(ClassBasedTestDescriptor.java:395)
	at org.junit.platform.engine.support.hierarchical.ThrowableCollector.execute(ThrowableCollector.java:73)
	at org.junit.jupiter.engine.descriptor.ClassBasedTestDescriptor.invokeBeforeAllCallbacks(ClassBasedTestDescriptor.java:395)
	at org.junit.jupiter.engine.descriptor.ClassBasedTestDescriptor.before(ClassBasedTestDescriptor.java:211)
	at org.junit.jupiter.engine.descriptor.ClassBasedTestDescriptor.before(ClassBasedTestDescriptor.java:84)
	at org.junit.platform.engine.support.hierarchical.NodeTestTask.lambda$executeRecursively$6(NodeTestTask.java:148)
	at org.junit.platform.engine.support.hierarchical.ThrowableCollector.execute(ThrowableCollector.java:73)
	at org.junit.platform.engine.support.hierarchical.NodeTestTask.lambda$executeRecursively$8(NodeTestTask.java:141)
	at org.junit.platform.engine.support.hierarchical.Node.around(Node.java:137)
	at org.junit.platform.engine.support.hierarchical.NodeTestTask.lambda$executeRecursively$9(NodeTestTask.java:139)
	at org.junit.platform.engine.support.hierarchical.ThrowableCollector.execute(ThrowableCollector.java:73)
	at org.junit.platform.engine.support.hierarchical.NodeTestTask.executeRecursively(NodeTestTask.java:138)
	at org.junit.platform.engine.support.hierarchical.NodeTestTask.execute(NodeTestTask.java:95)
	at java.base/java.util.ArrayList.forEach(ArrayList.java:1511)
	at org.junit.platform.engine.support.hierarchical.SameThreadHierarchicalTestExecutorService.invokeAll(SameThreadHierarchicalTestExecutorService.java:41)
	at org.junit.platform.engine.support.hierarchical.NodeTestTask.lambda$executeRecursively$6(NodeTestTask.java:155)
	at org.junit.platform.engine.support.hierarchical.ThrowableCollector.execute(ThrowableCollector.java:73)
	at org.junit.platform.engine.support.hierarchical.NodeTestTask.lambda$executeRecursively$8(NodeTestTask.java:141)
	at org.junit.platform.engine.support.hierarchical.Node.around(Node.java:137)
	at org.junit.platform.engine.support.hierarchical.NodeTestTask.lambda$executeRecursively$9(NodeTestTask.java:139)
	at org.junit.platform.engine.support.hierarchical.ThrowableCollector.execute(ThrowableCollector.java:73)
	at org.junit.platform.engine.support.hierarchical.NodeTestTask.executeRecursively(NodeTestTask.java:138)
	at org.junit.platform.engine.support.hierarchical.NodeTestTask.execute(NodeTestTask.java:95)
	at org.junit.platform.engine.support.hierarchical.SameThreadHierarchicalTestExecutorService.submit(SameThreadHierarchicalTestExecutorService.java:35)
	at org.junit.platform.engine.support.hierarchical.HierarchicalTestExecutor.execute(HierarchicalTestExecutor.java:57)
	at org.junit.platform.engine.support.hierarchical.HierarchicalTestEngine.execute(HierarchicalTestEngine.java:54)
	at org.junit.platform.launcher.core.EngineExecutionOrchestrator.execute(EngineExecutionOrchestrator.java:147)
	at org.junit.platform.launcher.core.EngineExecutionOrchestrator.execute(EngineExecutionOrchestrator.java:127)
	at org.junit.platform.launcher.core.EngineExecutionOrchestrator.execute(EngineExecutionOrchestrator.java:90)
	at org.junit.platform.launcher.core.EngineExecutionOrchestrator.lambda$execute$0(EngineExecutionOrchestrator.java:55)
	at org.junit.platform.launcher.core.EngineExecutionOrchestrator.withInterceptedStreams(EngineExecutionOrchestrator.java:102)
	at org.junit.platform.launcher.core.EngineExecutionOrchestrator.execute(EngineExecutionOrchestrator.java:54)
	at org.junit.platform.launcher.core.DefaultLauncher.execute(DefaultLauncher.java:114)
	at org.junit.platform.launcher.core.DefaultLauncher.execute(DefaultLauncher.java:86)
	at org.junit.platform.launcher.core.DefaultLauncherSession$DelegatingLauncher.execute(DefaultLauncherSession.java:86)
	at org.apache.maven.surefire.junitplatform.LazyLauncher.execute(LazyLauncher.java:50)
	at org.apache.maven.surefire.junitplatform.JUnitPlatformProvider.execute(JUnitPlatformProvider.java:184)
	at org.apache.maven.surefire.junitplatform.JUnitPlatformProvider.invokeAllTests(JUnitPlatformProvider.java:148)
	at org.apache.maven.surefire.junitplatform.JUnitPlatformProvider.invoke(JUnitPlatformProvider.java:122)
	at org.apache.maven.surefire.booter.ForkedBooter.runSuitesInProcess(ForkedBooter.java:385)
	at org.apache.maven.surefire.booter.ForkedBooter.execute(ForkedBooter.java:162)
	at org.apache.maven.surefire.booter.ForkedBooter.run(ForkedBooter.java:507)
	at org.apache.maven.surefire.booter.ForkedBooter.main(ForkedBooter.java:495)
]]></error>
    <system-out><![CDATA[01:29:46.662 [main] INFO org.springframework.test.context.support.AnnotationConfigContextLoaderUtils -- Could not detect default configuration classes for test class [com.example.biddingmanagementsystem.BiddingManagementSystemApplicationTests]: BiddingManagementSystemApplicationTests does not declare any static, non-private, non-final, nested classes annotated with @Configuration.
]]></system-out>
  </testcase>
</testsuite>